<?xml version="1.0" encoding="UTF-8"?>
<!-- Generated by org.testng.reporters.JUnitReportReporter -->
<testsuite hostname="Ajayz-Laptop" failures="0" tests="1" name="TestNG.verifyEdurekaPage" time="16.664" errors="0" timestamp="09 Feb 2019 14:42:17 GMT" skipped="0">
  <testcase classname="TestNG.verifyEdurekaPage" name="loginPage" time="16.664"/>
</testsuite> <!-- TestNG.verifyEdurekaPage -->
